15:27:42 (11904) INFO ConfigReader Using stryker.conf.json
15:27:42 (11904) DEBUG BroadcastReporter Broadcasting to reporters ["progress","clear-text","html"]
15:27:42 (11904) DEBUG ConfigReader Loading config /home/bruna/trybe/repositories/sd-07-project-react-testing-library/stryker.conf.json
15:27:42 (11904) DEBUG ConfigReader Loaded config: {
  "$schema": "./node_modules/@stryker-mutator/core/schema/stryker-schema.json",
  "mutate": [
    "src/components/About.js",
    "src/App.js",
    "src/components/FavoritePokemons.js",
    "src/components/NotFound.js",
    "src/components/Pokedex.js",
    "src/components/Pokemon.js",
    "src/components/PokemonDetails.js"
  ],
  "mutator": {
    "name": "javascript",
    "excludedMutations": [
      "ArithmeticOperator",
      "ArrayDeclaration",
      "ArrowFunction",
      "BlockStatement",
      "BooleanLiteral",
      "ConditionalExpression",
      "EqualityOperator",
      "LogicalOperator",
      "ObjectLiteral",
      "UnaryOperator",
      "UpdateOperator"
    ]
  },
  "testRunner": "jest",
  "reporters": [
    "progress",
    "clear-text",
    "html"
  ],
  "coverageAnalysis": "off",
  "jest": {
    "projectType": "create-react-app"
  },
  "allowConsoleColors": true,
  "commandRunner": {
    "command": "npm test"
  },
  "clearTextReporter": {
    "allowColor": true,
    "logTests": true,
    "maxTestsToLog": 3
  },
  "dashboard": {
    "baseUrl": "https://dashboard.stryker-mutator.io/api/reports",
    "reportType": "full"
  },
  "eventReporter": {
    "baseDir": "reports/mutation/events"
  },
  "fileLogLevel": "trace",
  "logLevel": "debug",
  "maxConcurrentTestRunners": 9007199254740991,
  "plugins": [
    "@stryker-mutator/*"
  ],
  "symlinkNodeModules": true,
  "tempDirName": ".stryker-tmp",
  "thresholds": {
    "high": 80,
    "low": 60,
    "break": null
  },
  "timeoutFactor": 1.5,
  "timeoutMS": 5000,
  "transpilers": [],
  "warnings": true,
  "configFile": "/home/bruna/trybe/repositories/sd-07-project-react-testing-library/stryker.conf.json"
}
15:27:42 (11904) DEBUG PluginLoader Loading @stryker-mutator/* from /home/bruna/trybe/repositories/sd-07-project-react-testing-library/node_modules/@stryker-mutator
15:27:42 (11904) DEBUG PluginLoader Loading plugin "/home/bruna/trybe/repositories/sd-07-project-react-testing-library/node_modules/@stryker-mutator/javascript-mutator" (matched with expression @stryker-mutator/*)
15:27:42 (11904) DEBUG PluginLoader Loading plugin "/home/bruna/trybe/repositories/sd-07-project-react-testing-library/node_modules/@stryker-mutator/jest-runner" (matched with expression @stryker-mutator/*)
15:27:42 (11904) DEBUG PluginLoader Loading plugins /home/bruna/trybe/repositories/sd-07-project-react-testing-library/node_modules/@stryker-mutator/javascript-mutator
15:27:42 (11904) DEBUG PluginLoader Loading plugins /home/bruna/trybe/repositories/sd-07-project-react-testing-library/node_modules/@stryker-mutator/jest-runner
15:27:42 (11904) DEBUG PluginLoader Loading plugins /home/bruna/trybe/repositories/sd-07-project-react-testing-library/node_modules/@stryker-mutator/core/src/reporters/index.js
15:27:42 (11904) DEBUG buildSchemaWithPluginContributions Contributing 1 schemas from plugins to options validation.
15:27:42 (11904) INFO InputFileResolver Found 7 of 59 file(s) to be mutated.
15:27:42 (11904) DEBUG InputFileResolver All input files: [
  "/home/bruna/trybe/repositories/sd-07-project-react-testing-library/stryker.log",
  "/home/bruna/trybe/repositories/sd-07-project-react-testing-library/.babelrc.json",
  "/home/bruna/trybe/repositories/sd-07-project-react-testing-library/.eslintignore",
  "/home/bruna/trybe/repositories/sd-07-project-react-testing-library/.eslintrc.json",
  "/home/bruna/trybe/repositories/sd-07-project-react-testing-library/.github/CODEOWNERS",
  "/home/bruna/trybe/repositories/sd-07-project-react-testing-library/.github/workflows/main.yml",
  "/home/bruna/trybe/repositories/sd-07-project-react-testing-library/.gitignore",
  "/home/bruna/trybe/repositories/sd-07-project-react-testing-library/.stylelintignore",
  "/home/bruna/trybe/repositories/sd-07-project-react-testing-library/.stylelintrc.json",
  "/home/bruna/trybe/repositories/sd-07-project-react-testing-library/README.md",
  "/home/bruna/trybe/repositories/sd-07-project-react-testing-library/package-lock.json",
  "/home/bruna/trybe/repositories/sd-07-project-react-testing-library/package.json",
  "/home/bruna/trybe/repositories/sd-07-project-react-testing-library/public/favicon.ico",
  "/home/bruna/trybe/repositories/sd-07-project-react-testing-library/public/index.html",
  "/home/bruna/trybe/repositories/sd-07-project-react-testing-library/public/logo192.png",
  "/home/bruna/trybe/repositories/sd-07-project-react-testing-library/public/logo512.png",
  "/home/bruna/trybe/repositories/sd-07-project-react-testing-library/public/manifest.json",
  "/home/bruna/trybe/repositories/sd-07-project-react-testing-library/public/robots.txt",
  "/home/bruna/trybe/repositories/sd-07-project-react-testing-library/public/star-icon.svg",
  "/home/bruna/trybe/repositories/sd-07-project-react-testing-library/src/App.css",
  "/home/bruna/trybe/repositories/sd-07-project-react-testing-library/src/App.js",
  "/home/bruna/trybe/repositories/sd-07-project-react-testing-library/src/components/About.js",
  "/home/bruna/trybe/repositories/sd-07-project-react-testing-library/src/components/Button.js",
  "/home/bruna/trybe/repositories/sd-07-project-react-testing-library/src/components/FavoritePokemons.js",
  "/home/bruna/trybe/repositories/sd-07-project-react-testing-library/src/components/NotFound.js",
  "/home/bruna/trybe/repositories/sd-07-project-react-testing-library/src/components/Pokedex.js",
  "/home/bruna/trybe/repositories/sd-07-project-react-testing-library/src/components/Pokemon.js",
  "/home/bruna/trybe/repositories/sd-07-project-react-testing-library/src/components/PokemonDetails.js",
  "/home/bruna/trybe/repositories/sd-07-project-react-testing-library/src/components/about.css",
  "/home/bruna/trybe/repositories/sd-07-project-react-testing-library/src/components/button.css",
  "/home/bruna/trybe/repositories/sd-07-project-react-testing-library/src/components/favorite-pokemons.css",
  "/home/bruna/trybe/repositories/sd-07-project-react-testing-library/src/components/index.js",
  "/home/bruna/trybe/repositories/sd-07-project-react-testing-library/src/components/not-found.css",
  "/home/bruna/trybe/repositories/sd-07-project-react-testing-library/src/components/pokedex.css",
  "/home/bruna/trybe/repositories/sd-07-project-react-testing-library/src/components/pokemon-details.css",
  "/home/bruna/trybe/repositories/sd-07-project-react-testing-library/src/components/pokemon.css",
  "/home/bruna/trybe/repositories/sd-07-project-react-testing-library/src/data.js",
  "/home/bruna/trybe/repositories/sd-07-project-react-testing-library/src/index.css",
  "/home/bruna/trybe/repositories/sd-07-project-react-testing-library/src/index.js",
  "/home/bruna/trybe/repositories/sd-07-project-react-testing-library/src/logo.svg",
  "/home/bruna/trybe/repositories/sd-07-project-react-testing-library/src/serviceWorker.js",
  "/home/bruna/trybe/repositories/sd-07-project-react-testing-library/src/services/pokedexService.js",
  "/home/bruna/trybe/repositories/sd-07-project-react-testing-library/src/setupTests.js",
  "/home/bruna/trybe/repositories/sd-07-project-react-testing-library/src/tests/About.test.js",
  "/home/bruna/trybe/repositories/sd-07-project-react-testing-library/src/tests/App.test.js",
  "/home/bruna/trybe/repositories/sd-07-project-react-testing-library/src/tests/FavoritePokemons.test.js",
  "/home/bruna/trybe/repositories/sd-07-project-react-testing-library/src/tests/NotFound.test.js",
  "/home/bruna/trybe/repositories/sd-07-project-react-testing-library/src/tests/Pokedex.test.js",
  "/home/bruna/trybe/repositories/sd-07-project-react-testing-library/src/tests/Pokemon.test.js",
  "/home/bruna/trybe/repositories/sd-07-project-react-testing-library/src/tests/PokemonDetails.test.js",
  "/home/bruna/trybe/repositories/sd-07-project-react-testing-library/src/types/index.js",
  "/home/bruna/trybe/repositories/sd-07-project-react-testing-library/stryker.conf.json",
  "/home/bruna/trybe/repositories/sd-07-project-react-testing-library/stryker/About.conf.json",
  "/home/bruna/trybe/repositories/sd-07-project-react-testing-library/stryker/App.conf.json",
  "/home/bruna/trybe/repositories/sd-07-project-react-testing-library/stryker/FavoritePokemons.conf.json",
  "/home/bruna/trybe/repositories/sd-07-project-react-testing-library/stryker/NotFound.conf.json",
  "/home/bruna/trybe/repositories/sd-07-project-react-testing-library/stryker/Pokedex.conf.json",
  "/home/bruna/trybe/repositories/sd-07-project-react-testing-library/stryker/Pokemon.conf.json",
  "/home/bruna/trybe/repositories/sd-07-project-react-testing-library/stryker/PokemonDetails.conf.json"
]
15:27:42 (11904) DEBUG InputFileResolver Files to mutate: [
  "/home/bruna/trybe/repositories/sd-07-project-react-testing-library/src/App.js",
  "/home/bruna/trybe/repositories/sd-07-project-react-testing-library/src/components/About.js",
  "/home/bruna/trybe/repositories/sd-07-project-react-testing-library/src/components/FavoritePokemons.js",
  "/home/bruna/trybe/repositories/sd-07-project-react-testing-library/src/components/NotFound.js",
  "/home/bruna/trybe/repositories/sd-07-project-react-testing-library/src/components/Pokedex.js",
  "/home/bruna/trybe/repositories/sd-07-project-react-testing-library/src/components/Pokemon.js",
  "/home/bruna/trybe/repositories/sd-07-project-react-testing-library/src/components/PokemonDetails.js"
]
15:27:42 (11904) DEBUG TemporaryDirectory Using temp directory "/home/bruna/trybe/repositories/sd-07-project-react-testing-library/.stryker-tmp"
15:27:42 (11904) DEBUG TestFrameworkOrchestrator The `coverageAnalysis` setting is "off", not hooking into the test framework to achieve performance benefits.
15:27:42 (11904) INFO InitialTestExecutor Starting initial test run. This may take a while.
15:27:42 (11904) DEBUG Sandbox Creating a sandbox for files in /home/bruna/trybe/repositories/sd-07-project-react-testing-library/.stryker-tmp/sandbox7950034
15:27:42 (11904) DEBUG Sandbox Creating test runner 0
15:27:42 (11904) DEBUG ChildProcessProxy Starting /home/bruna/trybe/repositories/sd-07-project-react-testing-library/node_modules/@stryker-mutator/core/src/test-runner/ChildProcessTestRunnerWorker.js in child process 11918
15:27:42 (11918) DEBUG ChildProcessProxyWorker Changing current working directory for this process to /home/bruna/trybe/repositories/sd-07-project-react-testing-library/.stryker-tmp/sandbox7950034
15:27:42 (11918) DEBUG PluginLoader Loading @stryker-mutator/* from /home/bruna/trybe/repositories/sd-07-project-react-testing-library/node_modules/@stryker-mutator
15:27:42 (11918) DEBUG PluginLoader Loading plugin "/home/bruna/trybe/repositories/sd-07-project-react-testing-library/node_modules/@stryker-mutator/javascript-mutator" (matched with expression @stryker-mutator/*)
15:27:42 (11918) DEBUG PluginLoader Loading plugin "/home/bruna/trybe/repositories/sd-07-project-react-testing-library/node_modules/@stryker-mutator/jest-runner" (matched with expression @stryker-mutator/*)
15:27:42 (11918) DEBUG PluginLoader Loading plugins /home/bruna/trybe/repositories/sd-07-project-react-testing-library/node_modules/@stryker-mutator/javascript-mutator
15:27:42 (11918) DEBUG PluginLoader Loading plugins /home/bruna/trybe/repositories/sd-07-project-react-testing-library/node_modules/@stryker-mutator/jest-runner
15:27:42 (11918) DEBUG PluginLoader Loading plugins /home/bruna/trybe/repositories/sd-07-project-react-testing-library/node_modules/@stryker-mutator/core/src/reporters/index.js
15:27:42 (11918) TRACE JestTestRunner Merging file-based config {
  "roots": [
    "<rootDir>/src"
  ],
  "collectCoverageFrom": [
    "**/*.{js,jsx}",
    "!src/index.js",
    "!src/serviceWorker.js"
  ],
  "setupFiles": [
    "/home/bruna/trybe/repositories/sd-07-project-react-testing-library/node_modules/react-app-polyfill/jsdom.js"
  ],
  "setupFilesAfterEnv": [
    "<rootDir>/src/setupTests.js"
  ],
  "testMatch": [
    "<rootDir>/src/**/__tests__/**/*.{js,jsx,ts,tsx}",
    "<rootDir>/src/**/*.{spec,test}.{js,jsx,ts,tsx}"
  ],
  "testEnvironment": "jest-environment-jsdom-fourteen",
  "transform": {
    "^.+\\.(js|jsx|ts|tsx)$": "/home/bruna/trybe/repositories/sd-07-project-react-testing-library/node_modules/react-scripts/config/jest/babelTransform.js",
    "^.+\\.css$": "/home/bruna/trybe/repositories/sd-07-project-react-testing-library/node_modules/react-scripts/config/jest/cssTransform.js",
    "^(?!.*\\.(js|jsx|ts|tsx|css|json)$)": "/home/bruna/trybe/repositories/sd-07-project-react-testing-library/node_modules/react-scripts/config/jest/fileTransform.js"
  },
  "transformIgnorePatterns": [
    "[/\\\\]node_modules[/\\\\].+\\.(js|jsx|ts|tsx)$",
    "^.+\\.module\\.(css|sass|scss)$"
  ],
  "modulePaths": [],
  "moduleNameMapper": {
    "^react-native$": "react-native-web",
    "^.+\\.module\\.(css|sass|scss)$": "identity-obj-proxy"
  },
  "moduleFileExtensions": [
    "web.js",
    "js",
    "web.ts",
    "ts",
    "web.tsx",
    "tsx",
    "json",
    "web.jsx",
    "jsx",
    "node"
  ],
  "watchPlugins": [
    "jest-watch-typeahead/filename",
    "jest-watch-typeahead/testname"
  ],
  "rootDir": "/home/bruna/trybe/repositories/sd-07-project-react-testing-library/.stryker-tmp/sandbox7950034"
} 
      with custom config {}
      and default (internal) stryker config [object Object]
15:27:42 (11918) DEBUG JestTestRunner Running jest with --findRelatedTests flag. Set jest.enableFindRelatedTests to false to run all tests on every mutant.
15:27:42 (11918) DEBUG JestTestRunner Project root is /home/bruna/trybe/repositories/sd-07-project-react-testing-library/.stryker-tmp/sandbox7950034
15:27:42 (11904) DEBUG TimeoutDecorator Starting timeout timer (300000 ms) for a test run
15:27:42 (11918) TRACE JestLessThan25TestAdapter Invoking Jest with config {"roots":["<rootDir>/src"],"collectCoverageFrom":["**/*.{js,jsx}","!src/index.js","!src/serviceWorker.js"],"setupFiles":["/home/bruna/trybe/repositories/sd-07-project-react-testing-library/node_modules/react-app-polyfill/jsdom.js"],"setupFilesAfterEnv":["<rootDir>/src/setupTests.js"],"testMatch":["<rootDir>/src/**/__tests__/**/*.{js,jsx,ts,tsx}","<rootDir>/src/**/*.{spec,test}.{js,jsx,ts,tsx}"],"testEnvironment":"jest-environment-jsdom-fourteen","transform":{"^.+\\.(js|jsx|ts|tsx)$":"/home/bruna/trybe/repositories/sd-07-project-react-testing-library/node_modules/react-scripts/config/jest/babelTransform.js","^.+\\.css$":"/home/bruna/trybe/repositories/sd-07-project-react-testing-library/node_modules/react-scripts/config/jest/cssTransform.js","^(?!.*\\.(js|jsx|ts|tsx|css|json)$)":"/home/bruna/trybe/repositories/sd-07-project-react-testing-library/node_modules/react-scripts/config/jest/fileTransform.js"},"transformIgnorePatterns":["[/\\\\]node_modules[/\\\\].+\\.(js|jsx|ts|tsx)$","^.+\\.module\\.(css|sass|scss)$"],"modulePaths":[],"moduleNameMapper":{"^react-native$":"react-native-web","^.+\\.module\\.(css|sass|scss)$":"identity-obj-proxy"},"moduleFileExtensions":["web.js","js","web.ts","ts","web.tsx","tsx","json","web.jsx","jsx","node"],"watchPlugins":["jest-watch-typeahead/filename","jest-watch-typeahead/testname"],"rootDir":"/home/bruna/trybe/repositories/sd-07-project-react-testing-library/.stryker-tmp/sandbox7950034","collectCoverage":false,"verbose":false,"bail":false,"notify":false,"reporters":[]}
15:27:49 (11904) DEBUG ChildProcessProxy Disposing of worker process 11918
15:27:49 (11904) DEBUG ChildProcessProxy Kill 11918
15:27:49 (11904) ERROR InitialTestExecutor One or more tests failed in the initial test run:
	verifying if there are links in the app
		Error: Invariant failed: You should not use <Switch> outside a <Router>
    at invariant (/home/bruna/trybe/repositories/sd-07-project-react-testing-library/node_modules/tiny-invariant/dist/tiny-invariant.cjs.js:13:11)
    at /home/bruna/trybe/repositories/sd-07-project-react-testing-library/node_modules/react-router/modules/Switch.js:17:11
    at updateContextConsumer (/home/bruna/trybe/repositories/sd-07-project-react-testing-library/node_modules/react-dom/cjs/react-dom.development.js:18304:19)
    at beginWork (/home/bruna/trybe/repositories/sd-07-project-react-testing-library/node_modules/react-dom/cjs/react-dom.development.js:18661:14)
    at HTMLUnknownElement.callCallback (/home/bruna/trybe/repositories/sd-07-project-react-testing-library/node_modules/react-dom/cjs/react-dom.development.js:188:14)
    at innerInvokeEventListeners (/home/bruna/trybe/repositories/sd-07-project-react-testing-library/node_modules/jest-environment-jsdom-fourteen/node_modules/jsdom/lib/jsdom/living/events/EventTarget-impl.js:315:27)
    at invokeEventListeners (/home/bruna/trybe/repositories/sd-07-project-react-testing-library/node_modules/jest-environment-jsdom-fourteen/node_modules/jsdom/lib/jsdom/living/events/EventTarget-impl.js:266:3)
    at HTMLUnknownElementImpl._dispatch (/home/bruna/trybe/repositories/sd-07-project-react-testing-library/node_modules/jest-environment-jsdom-fourteen/node_modules/jsdom/lib/jsdom/living/events/EventTarget-impl.js:212:11)
    at HTMLUnknownElementImpl.dispatchEvent (/home/bruna/trybe/repositories/sd-07-project-react-testing-library/node_modules/jest-environment-jsdom-fourteen/node_modules/jsdom/lib/jsdom/living/events/EventTarget-impl.js:87:17)
    at HTMLUnknownElement.dispatchEvent (/home/bruna/trybe/repositories/sd-07-project-react-testing-library/node_modules/jest-environment-jsdom-fourteen/node_modules/jsdom/lib/jsdom/living/generated/EventTarget.js:144:23)
    at Object.invokeGuardedCallbackDev (/home/bruna/trybe/repositories/sd-07-project-react-testing-library/node_modules/react-dom/cjs/react-dom.development.js:237:16)
    at invokeGuardedCallback (/home/bruna/trybe/repositories/sd-07-project-react-testing-library/node_modules/react-dom/cjs/react-dom.development.js:292:31)
    at beginWork$1 (/home/bruna/trybe/repositories/sd-07-project-react-testing-library/node_modules/react-dom/cjs/react-dom.development.js:23203:7)
    at performUnitOfWork (/home/bruna/trybe/repositories/sd-07-project-react-testing-library/node_modules/react-dom/cjs/react-dom.development.js:22157:12)
    at workLoopSync (/home/bruna/trybe/repositories/sd-07-project-react-testing-library/node_modules/react-dom/cjs/react-dom.development.js:22130:22)
    at performSyncWorkOnRoot (/home/bruna/trybe/repositories/sd-07-project-react-testing-library/node_modules/react-dom/cjs/react-dom.development.js:21756:9)
    at scheduleUpdateOnFiber (/home/bruna/trybe/repositories/sd-07-project-react-testing-library/node_modules/react-dom/cjs/react-dom.development.js:21188:7)
    at updateContainer (/home/bruna/trybe/repositories/sd-07-project-react-testing-library/node_modules/react-dom/cjs/react-dom.development.js:24373:3)
    at /home/bruna/trybe/repositories/sd-07-project-react-testing-library/node_modules/react-dom/cjs/react-dom.development.js:24758:7
    at unbatchedUpdates (/home/bruna/trybe/repositories/sd-07-project-react-testing-library/node_modules/react-dom/cjs/react-dom.development.js:21903:12)
    at legacyRenderSubtreeIntoContainer (/home/bruna/trybe/repositories/sd-07-project-react-testing-library/node_modules/react-dom/cjs/react-dom.development.js:24757:5)
    at Object.render (/home/bruna/trybe/repositories/sd-07-project-react-testing-library/node_modules/react-dom/cjs/react-dom.development.js:24840:10)
    at /home/bruna/trybe/repositories/sd-07-project-react-testing-library/node_modules/@testing-library/react/dist/pure.js:86:25
    at batchedUpdates$1 (/home/bruna/trybe/repositories/sd-07-project-react-testing-library/node_modules/react-dom/cjs/react-dom.development.js:21856:12)
    at act (/home/bruna/trybe/repositories/sd-07-project-react-testing-library/node_modules/react-dom/cjs/react-dom-test-utils.development.js:929:14)
    at render (/home/bruna/trybe/repositories/sd-07-project-react-testing-library/node_modules/@testing-library/react/dist/pure.js:82:26)
    at Object.<anonymous> (/home/bruna/trybe/repositories/sd-07-project-react-testing-library/.stryker-tmp/sandbox7950034/src/tests/App.test.js:27:25)
    at Object.asyncJestTest (/home/bruna/trybe/repositories/sd-07-project-react-testing-library/node_modules/jest-jasmine2/build/jasmineAsyncInstall.js:102:37)
    at /home/bruna/trybe/repositories/sd-07-project-react-testing-library/node_modules/jest-jasmine2/build/queueRunner.js:43:12
    at new Promise (<anonymous>)
    at mapper (/home/bruna/trybe/repositories/sd-07-project-react-testing-library/node_modules/jest-jasmine2/build/queueRunner.js:26:19)
    at /home/bruna/trybe/repositories/sd-07-project-react-testing-library/node_modules/jest-jasmine2/build/queueRunner.js:73:41
15:27:49 (11904) ERROR StrykerCli an error occurred Error: There were failed tests in the initial test run.
    at InitialTestExecutor.validateResult (/home/bruna/trybe/repositories/sd-07-project-react-testing-library/node_modules/@stryker-mutator/core/src/process/InitialTestExecutor.js:69:27)
    at InitialTestExecutor.run (/home/bruna/trybe/repositories/sd-07-project-react-testing-library/node_modules/@stryker-mutator/core/src/process/InitialTestExecutor.js:41:14)
    at processTicksAndRejections (internal/process/task_queues.js:93:5)
    at async Stryker.runMutationTest (/home/bruna/trybe/repositories/sd-07-project-react-testing-library/node_modules/@stryker-mutator/core/src/Stryker.js:53:38)
